GMm/build/outputs/logs/manifest-merger-debug-report.txt
-- Merging decision tree log ---
manifest
ADDED from PhysicsAndroid/GMm/AndroidManifest.xml:2:1-18:12
	package
		ADDED from PhysicsAndroid/GMm/AndroidManifest.xml:3:7-40
	android:versionName
		ADDED from PhysicsAndroid/GMm/AndroidManifest.xml:5:7-32
		INJECTED from PhysicsAndroid/GMm/AndroidManifest.xml
		INJECTED from PhysicsAndroid/GMm/AndroidManifest.xml
	android:versionCode
		ADDED from PhysicsAndroid/GMm/AndroidManifest.xml:4:7-30
		INJECTED from PhysicsAndroid/GMm/AndroidManifest.xml
		INJECTED from PhysicsAndroid/GMm/AndroidManifest.xml
	xmlns:android
		ADDED from PhysicsAndroid/GMm/AndroidManifest.xml:2:11-69
uses-sdk
ADDED from PhysicsAndroid/GMm/AndroidManifest.xml:6:5-43
	android:minSdkVersion
		ADDED from PhysicsAndroid/GMm/AndroidManifest.xml:6:15-40
application
ADDED from PhysicsAndroid/GMm/AndroidManifest.xml:8:5-17:19
	android:label
		ADDED from PhysicsAndroid/GMm/AndroidManifest.xml:8:48-80
	android:icon
		ADDED from PhysicsAndroid/GMm/AndroidManifest.xml:8:18-47
activity#jp.ac.u_ryukyu.phys.GMm.GMmActivity
ADDED from PhysicsAndroid/GMm/AndroidManifest.xml:9:9-15:20
	android:screenOrientation
		ADDED from PhysicsAndroid/GMm/AndroidManifest.xml:10:52-89
	android:label
		ADDED from PhysicsAndroid/GMm/AndroidManifest.xml:10:19-51
	android:configChanges
		ADDED from PhysicsAndroid/GMm/AndroidManifest.xml:10:90-140
	android:name
		ADDED from PhysicsAndroid/GMm/AndroidManifest.xml:9:19-46
intent-filter#android.intent.action.MAIN+android.intent.category.LAUNCHER
ADDED from PhysicsAndroid/GMm/AndroidManifest.xml:11:13-14:29
action#android.intent.action.MAIN
ADDED from PhysicsAndroid/GMm/AndroidManifest.xml:12:17-69
	android:name
		ADDED from PhysicsAndroid/GMm/AndroidManifest.xml:12:25-66
category#android.intent.category.LAUNCHER
ADDED from PhysicsAndroid/GMm/AndroidManifest.xml:13:17-77
	android:name
		ADDED from PhysicsAndroid/GMm/AndroidManifest.xml:13:27-74